[35m[Appium][39m Welcome to Appium v1.8.1
[35m[Appium][39m Non-default server args:
[35m[Appium][39m   port: 56794
[35m[Appium][39m   loglevel: info
[35m[Appium][39m   chromeDriverPort: 56795
[35m[Appium][39m   tmpDir: C:\Users\ADMIN\AppData\Local\Temp\\Katalon\Appium\Temp1552376870421
[35m[Appium][39m Appium REST http interface listener started on 0.0.0.0:56794
[35m[HTTP][39m [37m-->[39m [37mGET[39m [37m/wd/hub/status[39m
[35m[HTTP][39m [90m{}[39m
[35m[HTTP][39m [37m<-- GET /wd/hub/status [39m[32m200[39m [90m7 ms - 83[39m
[35m[HTTP][39m [90m[39m
[35m[HTTP][39m [37m-->[39m [37mGET[39m [37m/wd/hub/status[39m
[35m[HTTP][39m [90m{}[39m
[35m[HTTP][39m [37m<-- GET /wd/hub/status [39m[32m200[39m [90m2 ms - 83[39m
[35m[HTTP][39m [90m[39m
[35m[HTTP][39m [37m-->[39m [37mPOST[39m [37m/wd/hub/session[39m
[35m[HTTP][39m [90m{"desiredCapabilities":{"app":"C:\\Users\\ADMIN\\AndroidStudioProjects\\MyApplication\\app\\build\\outputs\\apk\\debug\\app-debug.apk","autoGrantPermissions":true,"automationName":"uiautomator2","deviceName":"emulator-5554 (Android SDK built for x86 - Android 8.0.0)","fullReset":false,"newCommandTimeout":1800,"noReset":true,"platform":"ANDROID","platformName":"Android","udid":"emulator-5554"},"capabilities":{"desiredCapabilities":{"app":"C:\\Users\\ADMIN\\AndroidStudioProjects\\MyApplication\\app\\build\\outputs\\apk\\debug\\app-debug.apk","autoGrantPermissions":true,"automationName":"uiautomator2","deviceName":"emulator-5554 (Android SDK built for x86 - Android 8.0.0)","fullReset":false,"newCommandTimeout":1800,"noReset":true,"platform":"ANDROID","platformName":"Android","udid":"emulator-5554"},"firstMatch":[{"platformName":"android"}]}}[39m
[35m[Appium][39m Could not parse W3C capabilities: 'deviceName' can't be blank. Falling back to JSONWP protocol.
[35m[Appium][39m The following capabilities were provided in the JSONWP desired capabilities that are missing in W3C capabilities: ["app","autoGrantPermissions","automationName","deviceName","fullReset","newCommandTimeout","noReset","platform","platformName","udid"]. Falling back to JSONWP protocol.
[35m[Appium][39m Creating new AndroidUiautomator2Driver (v1.12.0) session
[35m[Appium][39m Capabilities:
[35m[Appium][39m   app: C:\Users\ADMIN\AndroidStudioProjects\MyApplication\app\build\outputs\apk\debug\app-debug.apk
[35m[Appium][39m   autoGrantPermissions: true
[35m[Appium][39m   automationName: uiautomator2
[35m[Appium][39m   deviceName: emulator-5554 (Android SDK built for x86 - Android 8.0.0)
[35m[Appium][39m   fullReset: false
[35m[Appium][39m   newCommandTimeout: 1800
[35m[Appium][39m   noReset: true
[35m[Appium][39m   platform: ANDROID
[35m[Appium][39m   platformName: Android
[35m[Appium][39m   udid: emulator-5554
[35m[BaseDriver][39m The following capabilities were provided, but are not recognized by appium: platform.
[35m[BaseDriver][39m Session created with session id: f844d9f5-930a-4463-bedc-bbf2fd371a09
[35m[BaseDriver][39m Using local app 'C:\Users\ADMIN\AndroidStudioProjects\MyApplication\app\build\outputs\apk\debug\app-debug.apk'
[35m[AndroidDriver][39m Java version is: 1.8.0_181
[35m[ADB][39m Checking whether adb is present
[35m[ADB][39m Found 1 'build-tools' folders under 'C:\Users\ADMIN\.katalon\tools\android_sdk' (newest first):
[35m[ADB][39m     C:/Users/ADMIN/.katalon/tools/android_sdk/build-tools/28.0.3
[35m[ADB][39m Using adb.exe from C:\Users\ADMIN\.katalon\tools\android_sdk\platform-tools\adb.exe
[35m[AndroidDriver][39m Retrieving device list
[35m[AndroidDriver][39m Using device: emulator-5554
[35m[ADB][39m Using the alternative activity name detection method because of: Could not find apkanalyzer.bat in C:\Users\ADMIN\.katalon\tools\android_sdk\platform-tools\apkanalyzer.bat,C:\Users\ADMIN\.katalon\tools\android_sdk\emulator\apkanalyzer.bat,C:\Users\ADMIN\.katalon\tools\android_sdk\tools\apkanalyzer.bat,C:\Users\ADMIN\.katalon\tools\android_sdk\tools\bin\apkanalyzer.bat,C:\Users\ADMIN\.katalon\tools\android_sdk\build-tools\28.0.3\apkanalyzer.bat. Do you have the Android SDK installed at 'C:\Users\ADMIN\.katalon\tools\android_sdk'?
[35m[ADB][39m Checking whether aapt is present
[35m[ADB][39m Using aapt.exe from C:\Users\ADMIN\.katalon\tools\android_sdk\build-tools\28.0.3\aapt.exe
[35m[ADB][39m Extracting package and launch activity from manifest
[35m[ADB][39m Package name: 'com.example.myapplication'
[35m[ADB][39m Main activity name: 'com.example.myapplication.MainActivity'
[35m[ADB][39m Getting device platform version
[35m[ADB][39m Using apksigner.bat from C:\Users\ADMIN\.katalon\tools\android_sdk\build-tools\28.0.3\apksigner.bat
[35m[ADB][39m Checking whether zipalign is present
[35m[ADB][39m Using zipalign.exe from C:\Users\ADMIN\.katalon\tools\android_sdk\build-tools\28.0.3\zipalign.exe
[35m[ADB][39m io.appium.uiautomator2.server was successfully uninstalled
[35m[ADB][39m io.appium.uiautomator2.server.test was successfully uninstalled
[35m[AndroidDriver][39m setDeviceLanguageCountry requires language or country.
[35m[AndroidDriver][39m Got language: 'null' and country: 'null'
[35m[ADB][39m Successfully extracted 61 strings from 'C:\Users\ADMIN\AndroidStudioProjects\MyApplication\app\build\outputs\apk\debug\app-debug.apk' resources for '(default)' configuration
[35m[UiAutomator2][39m Starting uiautomator2 server 1.12.0
[35m[UiAutomator2][39m Using UIAutomator2 server from 'C:\Users\ADMIN\AppData\Roaming\npm\node_modules\appium\node_modules\appium-uiautomator2-server\apks\appium-uiautomator2-server-v1.12.0.apk' and test from 'C:\Users\ADMIN\AppData\Roaming\npm\node_modules\appium\node_modules\appium-uiautomator2-server\apks\appium-uiautomator2-server-debug-androidTest.apk'
[35m[UiAutomator2][39m Running command: 'adb -s emulator-5554 shell am instrument -w io.appium.uiautomator2.server.test/android.support.test.runner.AndroidJUnitRunner'
[35m[UiAutomator2][39m Waiting up to 20000ms for UiAutomator2 to be online...
[35m[AndroidDriver][39m Screen already unlocked, doing nothing
[35m[UiAutomator2][39m UiAutomator2 did not start the activity we were waiting for, 'com.example.myapplication/com.example.myapplication.MainActivity'. Starting it ourselves
[35m[Appium][39m New AndroidUiautomator2Driver session created successfully, session f844d9f5-930a-4463-bedc-bbf2fd371a09 added to master session list
[35m[HTTP][39m [37m<-- POST /wd/hub/session [39m[32m200[39m [90m12127 ms - 1303[39m
[35m[HTTP][39m [90m[39m
[35m[HTTP][39m [37m-->[39m [37mGET[39m [37m/wd/hub/status[39m
[35m[HTTP][39m [90m{}[39m
[35m[HTTP][39m [37m<-- GET /wd/hub/status [39m[32m200[39m [90m3 ms - 55[39m
[35m[HTTP][39m [90m[39m
[35m[HTTP][39m [37m-->[39m [37mPOST[39m [37m/wd/hub/session/f844d9f5-930a-4463-bedc-bbf2fd371a09/timeouts[39m
[35m[HTTP][39m [90m{"type":"implicit","ms":60000}[39m
[35m[HTTP][39m [37m<-- POST /wd/hub/session/f844d9f5-930a-4463-bedc-bbf2fd371a09/timeouts [39m[33m400[39m [90m10 ms - 5204[39m
[35m[HTTP][39m [90m[39m
[35m[HTTP][39m [37m-->[39m [37mGET[39m [37m/wd/hub/session/f844d9f5-930a-4463-bedc-bbf2fd371a09/source[39m
[35m[HTTP][39m [90m{}[39m
[35m[W3C][39m Driver proxy active, passing request on via HTTP proxy
[35m[JSONWP Proxy][39m Replacing sessionId 188761ae-7690-4039-983a-e02bcc22ae89 with f844d9f5-930a-4463-bedc-bbf2fd371a09
[35m[HTTP][39m [37m<-- GET /wd/hub/session/f844d9f5-930a-4463-bedc-bbf2fd371a09/source [39m[32m200[39m [90m591 ms - 7179[39m
[35m[HTTP][39m [90m[39m
[35m[HTTP][39m [37m-->[39m [37mGET[39m [37m/wd/hub/session/f844d9f5-930a-4463-bedc-bbf2fd371a09/screenshot[39m
[35m[HTTP][39m [90m{}[39m
[35m[HTTP][39m [37m<-- GET /wd/hub/session/f844d9f5-930a-4463-bedc-bbf2fd371a09/screenshot [39m[32m200[39m [90m238 ms - 64572[39m
[35m[HTTP][39m [90m[39m
[35m[HTTP][39m [37m-->[39m [37mGET[39m [37m/wd/hub/session/f844d9f5-930a-4463-bedc-bbf2fd371a09/window/current/size[39m
[35m[HTTP][39m [90m{}[39m
[35m[W3C][39m Driver proxy active, passing request on via HTTP proxy
[35m[JSONWP Proxy][39m Replacing sessionId 188761ae-7690-4039-983a-e02bcc22ae89 with f844d9f5-930a-4463-bedc-bbf2fd371a09
[35m[HTTP][39m [37m<-- GET /wd/hub/session/f844d9f5-930a-4463-bedc-bbf2fd371a09/window/current/size [39m[32m200[39m [90m16 ms - 100[39m
[35m[HTTP][39m [90m[39m
[35m[HTTP][39m [37m-->[39m [37mPOST[39m [37m/wd/hub/session/f844d9f5-930a-4463-bedc-bbf2fd371a09/elements[39m
[35m[HTTP][39m [90m{"using":"xpath","value":"//hierarchy/android.widget.FrameLayout[1]/android.widget.LinearLayout[1]/android.widget.FrameLayout[1]/android.widget.LinearLayout[1]/android.widget.FrameLayout[1]/android.support.v4.widget.DrawerLayout[1]/android.view.ViewGroup[1]/android.widget.LinearLayout[1]/android.view.ViewGroup[1]/android.widget.ImageButton[1]"}[39m
[35m[HTTP][39m [37m<-- POST /wd/hub/session/f844d9f5-930a-4463-bedc-bbf2fd371a09/elements [39m[32m200[39m [90m74 ms - 124[39m
[35m[HTTP][39m [90m[39m
[35m[HTTP][39m [37m-->[39m [37mGET[39m [37m/wd/hub/session/f844d9f5-930a-4463-bedc-bbf2fd371a09[39m
[35m[HTTP][39m [90m{}[39m
[35m[HTTP][39m [37m<-- GET /wd/hub/session/f844d9f5-930a-4463-bedc-bbf2fd371a09 [39m[32m200[39m [90m10 ms - 1303[39m
[35m[HTTP][39m [90m[39m
[35m[HTTP][39m [37m-->[39m [37mGET[39m [37m/wd/hub/session/f844d9f5-930a-4463-bedc-bbf2fd371a09[39m
[35m[HTTP][39m [90m{}[39m
[35m[HTTP][39m [37m<-- GET /wd/hub/session/f844d9f5-930a-4463-bedc-bbf2fd371a09 [39m[32m200[39m [90m12 ms - 1303[39m
[35m[HTTP][39m [90m[39m
[35m[HTTP][39m [37m-->[39m [37mGET[39m [37m/wd/hub/session/f844d9f5-930a-4463-bedc-bbf2fd371a09[39m
[35m[HTTP][39m [90m{}[39m
[35m[HTTP][39m [37m<-- GET /wd/hub/session/f844d9f5-930a-4463-bedc-bbf2fd371a09 [39m[32m200[39m [90m10 ms - 1303[39m
[35m[HTTP][39m [90m[39m
[35m[HTTP][39m [37m-->[39m [37mGET[39m [37m/wd/hub/session/f844d9f5-930a-4463-bedc-bbf2fd371a09[39m
[35m[HTTP][39m [90m{}[39m
[35m[HTTP][39m [37m<-- GET /wd/hub/session/f844d9f5-930a-4463-bedc-bbf2fd371a09 [39m[32m200[39m [90m9 ms - 1303[39m
[35m[HTTP][39m [90m[39m
[35m[HTTP][39m [37m-->[39m [37mGET[39m [37m/wd/hub/session/f844d9f5-930a-4463-bedc-bbf2fd371a09/element/a4316da6-51d8-4799-9ff5-15c19c35bce8/location[39m
[35m[HTTP][39m [90m{}[39m
[35m[W3C][39m Driver proxy active, passing request on via HTTP proxy
[35m[JSONWP Proxy][39m Replacing sessionId 188761ae-7690-4039-983a-e02bcc22ae89 with f844d9f5-930a-4463-bedc-bbf2fd371a09
[35m[HTTP][39m [37m<-- GET /wd/hub/session/f844d9f5-930a-4463-bedc-bbf2fd371a09/element/a4316da6-51d8-4799-9ff5-15c19c35bce8/location [39m[32m200[39m [90m18 ms - 86[39m
[35m[HTTP][39m [90m[39m
[35m[HTTP][39m [37m-->[39m [37mPOST[39m [37m/wd/hub/session/f844d9f5-930a-4463-bedc-bbf2fd371a09/touch/perform[39m
[35m[HTTP][39m [90m{"actions":[{"action":"tap","options":{"element":"a4316da6-51d8-4799-9ff5-15c19c35bce8","x":1,"y":1}}]}[39m
[35m[UiAutomator2][39m calling get location: a4316da6-51d8-4799-9ff5-15c19c35bce8
[35m[HTTP][39m [37m<-- POST /wd/hub/session/f844d9f5-930a-4463-bedc-bbf2fd371a09/touch/perform [39m[32m200[39m [90m44 ms - 76[39m
[35m[HTTP][39m [90m[39m
[35m[HTTP][39m [37m-->[39m [37mGET[39m [37m/wd/hub/session/f844d9f5-930a-4463-bedc-bbf2fd371a09/source[39m
[35m[HTTP][39m [90m{}[39m
[35m[W3C][39m Driver proxy active, passing request on via HTTP proxy
[35m[JSONWP Proxy][39m Replacing sessionId 188761ae-7690-4039-983a-e02bcc22ae89 with f844d9f5-930a-4463-bedc-bbf2fd371a09
[35m[HTTP][39m [37m<-- GET /wd/hub/session/f844d9f5-930a-4463-bedc-bbf2fd371a09/source [39m[32m200[39m [90m596 ms - 17304[39m
[35m[HTTP][39m [90m[39m
[35m[HTTP][39m [37m-->[39m [37mGET[39m [37m/wd/hub/session/f844d9f5-930a-4463-bedc-bbf2fd371a09/screenshot[39m
[35m[HTTP][39m [90m{}[39m
[35m[HTTP][39m [37m<-- GET /wd/hub/session/f844d9f5-930a-4463-bedc-bbf2fd371a09/screenshot [39m[32m200[39m [90m570 ms - 405420[39m
[35m[HTTP][39m [90m[39m
[35m[HTTP][39m [37m-->[39m [37mGET[39m [37m/wd/hub/session/f844d9f5-930a-4463-bedc-bbf2fd371a09/window/current/size[39m
[35m[HTTP][39m [90m{}[39m
[35m[W3C][39m Driver proxy active, passing request on via HTTP proxy
[35m[JSONWP Proxy][39m Replacing sessionId 188761ae-7690-4039-983a-e02bcc22ae89 with f844d9f5-930a-4463-bedc-bbf2fd371a09
[35m[HTTP][39m [37m<-- GET /wd/hub/session/f844d9f5-930a-4463-bedc-bbf2fd371a09/window/current/size [39m[32m200[39m [90m13 ms - 100[39m
[35m[HTTP][39m [90m[39m
[35m[HTTP][39m [37m-->[39m [37mPOST[39m [37m/wd/hub/session/f844d9f5-930a-4463-bedc-bbf2fd371a09/elements[39m
[35m[HTTP][39m [90m{"using":"xpath","value":"//hierarchy/android.widget.FrameLayout[1]/android.widget.LinearLayout[1]/android.widget.FrameLayout[1]/android.widget.LinearLayout[1]/android.widget.FrameLayout[1]/android.support.v4.widget.DrawerLayout[1]/android.widget.FrameLayout[1]/android.support.v7.widget.RecyclerView[1]/android.support.v7.widget.LinearLayoutCompat[4]/android.widget.CheckedTextView[1]"}[39m
[35m[HTTP][39m [37m<-- POST /wd/hub/session/f844d9f5-930a-4463-bedc-bbf2fd371a09/elements [39m[32m200[39m [90m79 ms - 124[39m
[35m[HTTP][39m [90m[39m
[35m[HTTP][39m [37m-->[39m [37mGET[39m [37m/wd/hub/session/f844d9f5-930a-4463-bedc-bbf2fd371a09[39m
[35m[HTTP][39m [90m{}[39m
[35m[HTTP][39m [37m<-- GET /wd/hub/session/f844d9f5-930a-4463-bedc-bbf2fd371a09 [39m[32m200[39m [90m10 ms - 1303[39m
[35m[HTTP][39m [90m[39m
[35m[HTTP][39m [37m-->[39m [37mGET[39m [37m/wd/hub/session/f844d9f5-930a-4463-bedc-bbf2fd371a09[39m
[35m[HTTP][39m [90m{}[39m
[35m[HTTP][39m [37m<-- GET /wd/hub/session/f844d9f5-930a-4463-bedc-bbf2fd371a09 [39m[32m200[39m [90m9 ms - 1303[39m
[35m[HTTP][39m [90m[39m
[35m[HTTP][39m [37m-->[39m [37mGET[39m [37m/wd/hub/session/f844d9f5-930a-4463-bedc-bbf2fd371a09[39m
[35m[HTTP][39m [90m{}[39m
[35m[HTTP][39m [37m<-- GET /wd/hub/session/f844d9f5-930a-4463-bedc-bbf2fd371a09 [39m[32m200[39m [90m10 ms - 1303[39m
[35m[HTTP][39m [90m[39m
[35m[HTTP][39m [37m-->[39m [37mGET[39m [37m/wd/hub/session/f844d9f5-930a-4463-bedc-bbf2fd371a09[39m
[35m[HTTP][39m [90m{}[39m
[35m[HTTP][39m [37m<-- GET /wd/hub/session/f844d9f5-930a-4463-bedc-bbf2fd371a09 [39m[32m200[39m [90m10 ms - 1303[39m
[35m[HTTP][39m [90m[39m
[35m[HTTP][39m [37m-->[39m [37mGET[39m [37m/wd/hub/session/f844d9f5-930a-4463-bedc-bbf2fd371a09/element/e490e224-28d5-4563-8569-7a7af86e7a96/location[39m
[35m[HTTP][39m [90m{}[39m
[35m[W3C][39m Driver proxy active, passing request on via HTTP proxy
[35m[JSONWP Proxy][39m Replacing sessionId 188761ae-7690-4039-983a-e02bcc22ae89 with f844d9f5-930a-4463-bedc-bbf2fd371a09
[35m[HTTP][39m [37m<-- GET /wd/hub/session/f844d9f5-930a-4463-bedc-bbf2fd371a09/element/e490e224-28d5-4563-8569-7a7af86e7a96/location [39m[32m200[39m [90m13 ms - 88[39m
[35m[HTTP][39m [90m[39m
[35m[HTTP][39m [37m-->[39m [37mPOST[39m [37m/wd/hub/session/f844d9f5-930a-4463-bedc-bbf2fd371a09/touch/perform[39m
[35m[HTTP][39m [90m{"actions":[{"action":"tap","options":{"element":"e490e224-28d5-4563-8569-7a7af86e7a96","x":1,"y":1}}]}[39m
[35m[UiAutomator2][39m calling get location: e490e224-28d5-4563-8569-7a7af86e7a96
[35m[HTTP][39m [37m<-- POST /wd/hub/session/f844d9f5-930a-4463-bedc-bbf2fd371a09/touch/perform [39m[32m200[39m [90m37 ms - 76[39m
[35m[HTTP][39m [90m[39m
[35m[HTTP][39m [37m-->[39m [37mGET[39m [37m/wd/hub/session/f844d9f5-930a-4463-bedc-bbf2fd371a09/source[39m
[35m[HTTP][39m [90m{}[39m
[35m[W3C][39m Driver proxy active, passing request on via HTTP proxy
[35m[JSONWP Proxy][39m Replacing sessionId 188761ae-7690-4039-983a-e02bcc22ae89 with f844d9f5-930a-4463-bedc-bbf2fd371a09
[35m[HTTP][39m [37m<-- GET /wd/hub/session/f844d9f5-930a-4463-bedc-bbf2fd371a09/source [39m[32m200[39m [90m452 ms - 7179[39m
[35m[HTTP][39m [90m[39m
[35m[HTTP][39m [37m-->[39m [37mGET[39m [37m/wd/hub/session/f844d9f5-930a-4463-bedc-bbf2fd371a09/screenshot[39m
[35m[HTTP][39m [90m{}[39m
[35m[HTTP][39m [37m<-- GET /wd/hub/session/f844d9f5-930a-4463-bedc-bbf2fd371a09/screenshot [39m[32m200[39m [90m190 ms - 64572[39m
[35m[HTTP][39m [90m[39m
[35m[HTTP][39m [37m-->[39m [37mGET[39m [37m/wd/hub/session/f844d9f5-930a-4463-bedc-bbf2fd371a09/window/current/size[39m
[35m[HTTP][39m [90m{}[39m
[35m[W3C][39m Driver proxy active, passing request on via HTTP proxy
[35m[JSONWP Proxy][39m Replacing sessionId 188761ae-7690-4039-983a-e02bcc22ae89 with f844d9f5-930a-4463-bedc-bbf2fd371a09
[35m[HTTP][39m [37m<-- GET /wd/hub/session/f844d9f5-930a-4463-bedc-bbf2fd371a09/window/current/size [39m[32m200[39m [90m12 ms - 100[39m
[35m[HTTP][39m [90m[39m
[35m[HTTP][39m [37m-->[39m [37mPOST[39m [37m/wd/hub/session/f844d9f5-930a-4463-bedc-bbf2fd371a09/elements[39m
[35m[HTTP][39m [90m{"using":"xpath","value":"//hierarchy/android.widget.FrameLayout[1]/android.widget.LinearLayout[1]/android.widget.FrameLayout[1]/android.widget.LinearLayout[1]/android.widget.FrameLayout[1]/android.support.v4.widget.DrawerLayout[1]/android.view.ViewGroup[1]/android.widget.LinearLayout[1]/android.view.ViewGroup[1]/android.widget.ImageButton[1]"}[39m
[35m[HTTP][39m [37m<-- POST /wd/hub/session/f844d9f5-930a-4463-bedc-bbf2fd371a09/elements [39m[32m200[39m [90m37 ms - 124[39m
[35m[HTTP][39m [90m[39m
[35m[HTTP][39m [37m-->[39m [37mGET[39m [37m/wd/hub/session/f844d9f5-930a-4463-bedc-bbf2fd371a09[39m
[35m[HTTP][39m [90m{}[39m
[35m[HTTP][39m [37m<-- GET /wd/hub/session/f844d9f5-930a-4463-bedc-bbf2fd371a09 [39m[32m200[39m [90m10 ms - 1303[39m
[35m[HTTP][39m [90m[39m
[35m[HTTP][39m [37m-->[39m [37mGET[39m [37m/wd/hub/session/f844d9f5-930a-4463-bedc-bbf2fd371a09[39m
[35m[HTTP][39m [90m{}[39m
[35m[HTTP][39m [37m<-- GET /wd/hub/session/f844d9f5-930a-4463-bedc-bbf2fd371a09 [39m[32m200[39m [90m9 ms - 1303[39m
[35m[HTTP][39m [90m[39m
[35m[HTTP][39m [37m-->[39m [37mGET[39m [37m/wd/hub/session/f844d9f5-930a-4463-bedc-bbf2fd371a09[39m
[35m[HTTP][39m [90m{}[39m
[35m[HTTP][39m [37m<-- GET /wd/hub/session/f844d9f5-930a-4463-bedc-bbf2fd371a09 [39m[32m200[39m [90m9 ms - 1303[39m
[35m[HTTP][39m [90m[39m
[35m[HTTP][39m [37m-->[39m [37mGET[39m [37m/wd/hub/session/f844d9f5-930a-4463-bedc-bbf2fd371a09[39m
[35m[HTTP][39m [90m{}[39m
[35m[HTTP][39m [37m<-- GET /wd/hub/session/f844d9f5-930a-4463-bedc-bbf2fd371a09 [39m[32m200[39m [90m9 ms - 1303[39m
[35m[HTTP][39m [90m[39m
[35m[HTTP][39m [37m-->[39m [37mGET[39m [37m/wd/hub/session/f844d9f5-930a-4463-bedc-bbf2fd371a09/element/9824b6e0-c424-41f5-9507-7822abcf57bf/location[39m
[35m[HTTP][39m [90m{}[39m
[35m[W3C][39m Driver proxy active, passing request on via HTTP proxy
[35m[JSONWP Proxy][39m Replacing sessionId 188761ae-7690-4039-983a-e02bcc22ae89 with f844d9f5-930a-4463-bedc-bbf2fd371a09
[35m[HTTP][39m [37m<-- GET /wd/hub/session/f844d9f5-930a-4463-bedc-bbf2fd371a09/element/9824b6e0-c424-41f5-9507-7822abcf57bf/location [39m[32m200[39m [90m13 ms - 86[39m
[35m[HTTP][39m [90m[39m
[35m[HTTP][39m [37m-->[39m [37mPOST[39m [37m/wd/hub/session/f844d9f5-930a-4463-bedc-bbf2fd371a09/touch/perform[39m
[35m[HTTP][39m [90m{"actions":[{"action":"tap","options":{"element":"9824b6e0-c424-41f5-9507-7822abcf57bf","x":1,"y":1}}]}[39m
[35m[UiAutomator2][39m calling get location: 9824b6e0-c424-41f5-9507-7822abcf57bf
[35m[HTTP][39m [37m<-- POST /wd/hub/session/f844d9f5-930a-4463-bedc-bbf2fd371a09/touch/perform [39m[32m200[39m [90m30 ms - 76[39m
[35m[HTTP][39m [90m[39m
[35m[HTTP][39m [37m-->[39m [37mGET[39m [37m/wd/hub/session/f844d9f5-930a-4463-bedc-bbf2fd371a09/source[39m
[35m[HTTP][39m [90m{}[39m
[35m[W3C][39m Driver proxy active, passing request on via HTTP proxy
[35m[JSONWP Proxy][39m Replacing sessionId 188761ae-7690-4039-983a-e02bcc22ae89 with f844d9f5-930a-4463-bedc-bbf2fd371a09
[35m[HTTP][39m [37m<-- GET /wd/hub/session/f844d9f5-930a-4463-bedc-bbf2fd371a09/source [39m[32m200[39m [90m518 ms - 17303[39m
[35m[HTTP][39m [90m[39m
[35m[HTTP][39m [37m-->[39m [37mGET[39m [37m/wd/hub/session/f844d9f5-930a-4463-bedc-bbf2fd371a09/screenshot[39m
[35m[HTTP][39m [90m{}[39m
[35m[HTTP][39m [37m<-- GET /wd/hub/session/f844d9f5-930a-4463-bedc-bbf2fd371a09/screenshot [39m[32m200[39m [90m476 ms - 405498[39m
[35m[HTTP][39m [90m[39m
[35m[HTTP][39m [37m-->[39m [37mGET[39m [37m/wd/hub/session/f844d9f5-930a-4463-bedc-bbf2fd371a09/window/current/size[39m
[35m[HTTP][39m [90m{}[39m
[35m[W3C][39m Driver proxy active, passing request on via HTTP proxy
[35m[JSONWP Proxy][39m Replacing sessionId 188761ae-7690-4039-983a-e02bcc22ae89 with f844d9f5-930a-4463-bedc-bbf2fd371a09
[35m[HTTP][39m [37m<-- GET /wd/hub/session/f844d9f5-930a-4463-bedc-bbf2fd371a09/window/current/size [39m[32m200[39m [90m11 ms - 100[39m
[35m[HTTP][39m [90m[39m
[35m[HTTP][39m [37m-->[39m [37mPOST[39m [37m/wd/hub/session/f844d9f5-930a-4463-bedc-bbf2fd371a09/elements[39m
[35m[HTTP][39m [90m{"using":"xpath","value":"//hierarchy/android.widget.FrameLayout[1]/android.widget.LinearLayout[1]/android.widget.FrameLayout[1]/android.widget.LinearLayout[1]/android.widget.FrameLayout[1]/android.support.v4.widget.DrawerLayout[1]/android.widget.FrameLayout[1]/android.support.v7.widget.RecyclerView[1]/android.support.v7.widget.LinearLayoutCompat[1]/android.widget.CheckedTextView[1]"}[39m
[35m[HTTP][39m [37m<-- POST /wd/hub/session/f844d9f5-930a-4463-bedc-bbf2fd371a09/elements [39m[32m200[39m [90m65 ms - 124[39m
[35m[HTTP][39m [90m[39m
[35m[HTTP][39m [37m-->[39m [37mGET[39m [37m/wd/hub/session/f844d9f5-930a-4463-bedc-bbf2fd371a09[39m
[35m[HTTP][39m [90m{}[39m
[35m[HTTP][39m [37m<-- GET /wd/hub/session/f844d9f5-930a-4463-bedc-bbf2fd371a09 [39m[32m200[39m [90m9 ms - 1303[39m
[35m[HTTP][39m [90m[39m
[35m[HTTP][39m [37m-->[39m [37mGET[39m [37m/wd/hub/session/f844d9f5-930a-4463-bedc-bbf2fd371a09[39m
[35m[HTTP][39m [90m{}[39m
[35m[HTTP][39m [37m<-- GET /wd/hub/session/f844d9f5-930a-4463-bedc-bbf2fd371a09 [39m[32m200[39m [90m9 ms - 1303[39m
[35m[HTTP][39m [90m[39m
[35m[HTTP][39m [37m-->[39m [37mGET[39m [37m/wd/hub/session/f844d9f5-930a-4463-bedc-bbf2fd371a09[39m
[35m[HTTP][39m [90m{}[39m
[35m[HTTP][39m [37m<-- GET /wd/hub/session/f844d9f5-930a-4463-bedc-bbf2fd371a09 [39m[32m200[39m [90m9 ms - 1303[39m
[35m[HTTP][39m [90m[39m
[35m[HTTP][39m [37m-->[39m [37mGET[39m [37m/wd/hub/session/f844d9f5-930a-4463-bedc-bbf2fd371a09[39m
[35m[HTTP][39m [90m{}[39m
[35m[HTTP][39m [37m<-- GET /wd/hub/session/f844d9f5-930a-4463-bedc-bbf2fd371a09 [39m[32m200[39m [90m10 ms - 1303[39m
[35m[HTTP][39m [90m[39m
[35m[HTTP][39m [37m-->[39m [37mGET[39m [37m/wd/hub/session/f844d9f5-930a-4463-bedc-bbf2fd371a09/element/6293f6bb-80b8-4bd9-9195-978099de2062/location[39m
[35m[HTTP][39m [90m{}[39m
[35m[W3C][39m Driver proxy active, passing request on via HTTP proxy
[35m[JSONWP Proxy][39m Replacing sessionId 188761ae-7690-4039-983a-e02bcc22ae89 with f844d9f5-930a-4463-bedc-bbf2fd371a09
[35m[HTTP][39m [37m<-- GET /wd/hub/session/f844d9f5-930a-4463-bedc-bbf2fd371a09/element/6293f6bb-80b8-4bd9-9195-978099de2062/location [39m[32m200[39m [90m14 ms - 88[39m
[35m[HTTP][39m [90m[39m
[35m[HTTP][39m [37m-->[39m [37mPOST[39m [37m/wd/hub/session/f844d9f5-930a-4463-bedc-bbf2fd371a09/touch/perform[39m
[35m[HTTP][39m [90m{"actions":[{"action":"tap","options":{"element":"6293f6bb-80b8-4bd9-9195-978099de2062","x":1,"y":1}}]}[39m
[35m[UiAutomator2][39m calling get location: 6293f6bb-80b8-4bd9-9195-978099de2062
[35m[HTTP][39m [37m<-- POST /wd/hub/session/f844d9f5-930a-4463-bedc-bbf2fd371a09/touch/perform [39m[32m200[39m [90m36 ms - 76[39m
[35m[HTTP][39m [90m[39m
[35m[HTTP][39m [37m-->[39m [37mGET[39m [37m/wd/hub/session/f844d9f5-930a-4463-bedc-bbf2fd371a09/source[39m
[35m[HTTP][39m [90m{}[39m
[35m[W3C][39m Driver proxy active, passing request on via HTTP proxy
[35m[JSONWP Proxy][39m Replacing sessionId 188761ae-7690-4039-983a-e02bcc22ae89 with f844d9f5-930a-4463-bedc-bbf2fd371a09
[35m[HTTP][39m [37m<-- GET /wd/hub/session/f844d9f5-930a-4463-bedc-bbf2fd371a09/source [39m[32m200[39m [90m466 ms - 7179[39m
[35m[HTTP][39m [90m[39m
[35m[HTTP][39m [37m-->[39m [37mGET[39m [37m/wd/hub/session/f844d9f5-930a-4463-bedc-bbf2fd371a09/screenshot[39m
[35m[HTTP][39m [90m{}[39m
[35m[HTTP][39m [37m<-- GET /wd/hub/session/f844d9f5-930a-4463-bedc-bbf2fd371a09/screenshot [39m[32m200[39m [90m178 ms - 64572[39m
[35m[HTTP][39m [90m[39m
[35m[HTTP][39m [37m-->[39m [37mDELETE[39m [37m/wd/hub/session/f844d9f5-930a-4463-bedc-bbf2fd371a09[39m
[35m[HTTP][39m [90m{}[39m
[35m[Appium][39m Removing session f844d9f5-930a-4463-bedc-bbf2fd371a09 from our master session list
[35m[HTTP][39m [37m<-- DELETE /wd/hub/session/f844d9f5-930a-4463-bedc-bbf2fd371a09 [39m[32m200[39m [90m124 ms - 76[39m
[35m[HTTP][39m [90m[39m
